[INFO] [2018-09-28 17:00:21][org.springframework.beans.factory.xml.XmlBeanDefinitionReader]Loading XML bean definitions from class path resource [spring-mybatis.xml]
[INFO] [2018-09-28 17:00:23][org.springframework.context.support.GenericApplicationContext]Refreshing org.springframework.context.support.GenericApplicationContext@3c9d0b9d: startup date [Fri Sep 28 17:00:23 CST 2018]; root of context hierarchy
[INFO] [2018-09-28 17:00:23][org.springframework.beans.factory.config.PropertyPlaceholderConfigurer]Loading properties file from class path resource [jdbc.properties]
[INFO] [2018-09-28 17:00:23][org.springframework.beans.factory.annotation.AutowiredAnnotationBeanPostProcessor]JSR-330 'javax.inject.Inject' annotation found and supported for autowiring
[INFO] [2018-09-28 17:00:24][org.springframework.context.support.GenericApplicationContext]Closing org.springframework.context.support.GenericApplicationContext@3c9d0b9d: startup date [Fri Sep 28 17:00:23 CST 2018]; root of context hierarchy
[INFO] [2018-09-28 17:01:21][org.springframework.beans.factory.xml.XmlBeanDefinitionReader]Loading XML bean definitions from class path resource [spring-mybatis.xml]
[INFO] [2018-09-28 17:01:21][org.springframework.context.support.GenericApplicationContext]Refreshing org.springframework.context.support.GenericApplicationContext@3c9d0b9d: startup date [Fri Sep 28 17:01:21 CST 2018]; root of context hierarchy
[INFO] [2018-09-28 17:01:22][org.springframework.beans.factory.config.PropertyPlaceholderConfigurer]Loading properties file from class path resource [jdbc.properties]
[INFO] [2018-09-28 17:01:22][org.springframework.beans.factory.annotation.AutowiredAnnotationBeanPostProcessor]JSR-330 'javax.inject.Inject' annotation found and supported for autowiring
[INFO] [2018-09-28 17:01:45][org.springframework.context.support.GenericApplicationContext]Closing org.springframework.context.support.GenericApplicationContext@3c9d0b9d: startup date [Fri Sep 28 17:01:21 CST 2018]; root of context hierarchy
[INFO] [2018-09-28 17:04:33][org.springframework.beans.factory.xml.XmlBeanDefinitionReader]Loading XML bean definitions from class path resource [spring-mybatis.xml]
[INFO] [2018-09-28 17:04:33][org.springframework.context.support.GenericApplicationContext]Refreshing org.springframework.context.support.GenericApplicationContext@3c9d0b9d: startup date [Fri Sep 28 17:04:33 CST 2018]; root of context hierarchy
[INFO] [2018-09-28 17:04:34][org.springframework.beans.factory.config.PropertyPlaceholderConfigurer]Loading properties file from class path resource [jdbc.properties]
[INFO] [2018-09-28 17:04:34][org.springframework.beans.factory.annotation.AutowiredAnnotationBeanPostProcessor]JSR-330 'javax.inject.Inject' annotation found and supported for autowiring
[INFO] [2018-09-28 17:05:02][org.springframework.context.support.GenericApplicationContext]Closing org.springframework.context.support.GenericApplicationContext@3c9d0b9d: startup date [Fri Sep 28 17:04:33 CST 2018]; root of context hierarchy
[INFO] [2018-09-29 09:24:08][org.springframework.beans.factory.xml.XmlBeanDefinitionReader]Loading XML bean definitions from class path resource [spring-mybatis.xml]
[INFO] [2018-09-29 09:24:09][org.springframework.context.support.GenericApplicationContext]Refreshing org.springframework.context.support.GenericApplicationContext@3c9d0b9d: startup date [Sat Sep 29 09:24:09 CST 2018]; root of context hierarchy
[INFO] [2018-09-29 09:24:09][org.springframework.beans.factory.config.PropertyPlaceholderConfigurer]Loading properties file from class path resource [jdbc.properties]
[INFO] [2018-09-29 09:24:09][org.springframework.beans.factory.annotation.AutowiredAnnotationBeanPostProcessor]JSR-330 'javax.inject.Inject' annotation found and supported for autowiring
[INFO] [2018-09-29 09:24:28][org.springframework.context.support.GenericApplicationContext]Closing org.springframework.context.support.GenericApplicationContext@3c9d0b9d: startup date [Sat Sep 29 09:24:09 CST 2018]; root of context hierarchy
[INFO] [2018-12-06 10:05:24][org.springframework.beans.factory.xml.XmlBeanDefinitionReader]Loading XML bean definitions from class path resource [spring-mybatis.xml]
[INFO] [2018-12-06 10:05:25][org.springframework.context.support.GenericApplicationContext]Refreshing org.springframework.context.support.GenericApplicationContext@39c0f4a: startup date [Thu Dec 06 10:05:25 CST 2018]; root of context hierarchy
[INFO] [2018-12-06 10:05:25][org.springframework.beans.factory.config.PropertyPlaceholderConfigurer]Loading properties file from class path resource [jdbc.properties]
[INFO] [2018-12-06 10:05:25][org.springframework.beans.factory.annotation.AutowiredAnnotationBeanPostProcessor]JSR-330 'javax.inject.Inject' annotation found and supported for autowiring
[INFO] [2018-12-06 10:05:26][org.springframework.context.support.GenericApplicationContext]Closing org.springframework.context.support.GenericApplicationContext@39c0f4a: startup date [Thu Dec 06 10:05:25 CST 2018]; root of context hierarchy
[INFO] [2018-12-06 10:07:21][org.springframework.beans.factory.xml.XmlBeanDefinitionReader]Loading XML bean definitions from class path resource [spring-mybatis.xml]
[INFO] [2018-12-06 10:07:21][org.springframework.context.support.GenericApplicationContext]Refreshing org.springframework.context.support.GenericApplicationContext@53b32d7: startup date [Thu Dec 06 10:07:21 CST 2018]; root of context hierarchy
[INFO] [2018-12-06 10:07:21][org.springframework.beans.factory.config.PropertyPlaceholderConfigurer]Loading properties file from class path resource [jdbc.properties]
[INFO] [2018-12-06 10:07:21][org.springframework.beans.factory.annotation.AutowiredAnnotationBeanPostProcessor]JSR-330 'javax.inject.Inject' annotation found and supported for autowiring
[ERROR] [2018-12-06 10:07:23][org.springframework.test.context.TestContextManager]Caught exception while allowing TestExecutionListener [org.springframework.test.context.support.DependencyInjectionTestExecutionListener@15aab8c6] to prepare test instance [TestPdf@33990a0c]
org.springframework.beans.factory.BeanCreationException: Error creating bean with name 'TestPdf': Injection of autowired dependencies failed; nested exception is org.springframework.beans.factory.BeanCreationException: Could not autowire field: private com.springmvc.utils.PdfUtil TestPdf.pdfUtil; nested exception is org.springframework.beans.factory.NoSuchBeanDefinitionException: No qualifying bean of type [com.springmvc.utils.PdfUtil] found for dependency: expected at least 1 bean which qualifies as autowire candidate for this dependency. Dependency annotations: {@org.springframework.beans.factory.annotation.Autowired(required=true)}
	at org.springframework.beans.factory.annotation.AutowiredAnnotationBeanPostProcessor.postProcessPropertyValues(AutowiredAnnotationBeanPostProcessor.java:292)
	at org.springframework.beans.factory.support.AbstractAutowireCapableBeanFactory.populateBean(AbstractAutowireCapableBeanFactory.java:1185)
	at org.springframework.beans.factory.support.AbstractAutowireCapableBeanFactory.autowireBeanProperties(AbstractAutowireCapableBeanFactory.java:384)
	at org.springframework.test.context.support.DependencyInjectionTestExecutionListener.injectDependencies(DependencyInjectionTestExecutionListener.java:110)
	at org.springframework.test.context.support.DependencyInjectionTestExecutionListener.prepareTestInstance(DependencyInjectionTestExecutionListener.java:75)
	at org.springframework.test.context.TestContextManager.prepareTestInstance(TestContextManager.java:319)
	at org.springframework.test.context.junit4.SpringJUnit4ClassRunner.createTest(SpringJUnit4ClassRunner.java:212)
	at org.springframework.test.context.junit4.SpringJUnit4ClassRunner$1.runReflectiveCall(SpringJUnit4ClassRunner.java:289)
	at org.junit.internal.runners.model.ReflectiveCallable.run(ReflectiveCallable.java:12)
	at org.springframework.test.context.junit4.SpringJUnit4ClassRunner.methodBlock(SpringJUnit4ClassRunner.java:291)
	at org.springframework.test.context.junit4.SpringJUnit4ClassRunner.runChild(SpringJUnit4ClassRunner.java:232)
	at org.springframework.test.context.junit4.SpringJUnit4ClassRunner.runChild(SpringJUnit4ClassRunner.java:89)
	at org.junit.runners.ParentRunner$3.run(ParentRunner.java:290)
	at org.junit.runners.ParentRunner$1.schedule(ParentRunner.java:71)
	at org.junit.runners.ParentRunner.runChildren(ParentRunner.java:288)
	at org.junit.runners.ParentRunner.access$000(ParentRunner.java:58)
	at org.junit.runners.ParentRunner$2.evaluate(ParentRunner.java:268)
	at org.springframework.test.context.junit4.statements.RunBeforeTestClassCallbacks.evaluate(RunBeforeTestClassCallbacks.java:61)
	at org.springframework.test.context.junit4.statements.RunAfterTestClassCallbacks.evaluate(RunAfterTestClassCallbacks.java:71)
	at org.junit.runners.ParentRunner.run(ParentRunner.java:363)
	at org.springframework.test.context.junit4.SpringJUnit4ClassRunner.run(SpringJUnit4ClassRunner.java:175)
	at org.junit.runner.JUnitCore.run(JUnitCore.java:137)
	at com.intellij.junit4.JUnit4IdeaTestRunner.startRunnerWithArgs(JUnit4IdeaTestRunner.java:68)
	at com.intellij.rt.execution.junit.IdeaTestRunner$Repeater.startRunnerWithArgs(IdeaTestRunner.java:47)
	at com.intellij.rt.execution.junit.JUnitStarter.prepareStreamsAndStart(JUnitStarter.java:242)
	at com.intellij.rt.execution.junit.JUnitStarter.main(JUnitStarter.java:70)
Caused by: org.springframework.beans.factory.BeanCreationException: Could not autowire field: private com.springmvc.utils.PdfUtil TestPdf.pdfUtil; nested exception is org.springframework.beans.factory.NoSuchBeanDefinitionException: No qualifying bean of type [com.springmvc.utils.PdfUtil] found for dependency: expected at least 1 bean which qualifies as autowire candidate for this dependency. Dependency annotations: {@org.springframework.beans.factory.annotation.Autowired(required=true)}
	at org.springframework.beans.factory.annotation.AutowiredAnnotationBeanPostProcessor$AutowiredFieldElement.inject(AutowiredAnnotationBeanPostProcessor.java:508)
	at org.springframework.beans.factory.annotation.InjectionMetadata.inject(InjectionMetadata.java:87)
	at org.springframework.beans.factory.annotation.AutowiredAnnotationBeanPostProcessor.postProcessPropertyValues(AutowiredAnnotationBeanPostProcessor.java:289)
	... 25 more
Caused by: org.springframework.beans.factory.NoSuchBeanDefinitionException: No qualifying bean of type [com.springmvc.utils.PdfUtil] found for dependency: expected at least 1 bean which qualifies as autowire candidate for this dependency. Dependency annotations: {@org.springframework.beans.factory.annotation.Autowired(required=true)}
	at org.springframework.beans.factory.support.DefaultListableBeanFactory.raiseNoSuchBeanDefinitionException(DefaultListableBeanFactory.java:1100)
	at org.springframework.beans.factory.support.DefaultListableBeanFactory.doResolveDependency(DefaultListableBeanFactory.java:960)
	at org.springframework.beans.factory.support.DefaultListableBeanFactory.resolveDependency(DefaultListableBeanFactory.java:855)
	at org.springframework.beans.factory.annotation.AutowiredAnnotationBeanPostProcessor$AutowiredFieldElement.inject(AutowiredAnnotationBeanPostProcessor.java:480)
	... 27 more
[INFO] [2018-12-06 10:07:23][org.springframework.context.support.GenericApplicationContext]Closing org.springframework.context.support.GenericApplicationContext@53b32d7: startup date [Thu Dec 06 10:07:21 CST 2018]; root of context hierarchy
[INFO] [2018-12-06 10:22:02][org.springframework.beans.factory.xml.XmlBeanDefinitionReader]Loading XML bean definitions from class path resource [spring-mybatis.xml]
[INFO] [2018-12-06 10:22:03][org.springframework.context.support.GenericApplicationContext]Refreshing org.springframework.context.support.GenericApplicationContext@7d9d1a19: startup date [Thu Dec 06 10:22:03 CST 2018]; root of context hierarchy
[INFO] [2018-12-06 10:22:03][org.springframework.beans.factory.config.PropertyPlaceholderConfigurer]Loading properties file from class path resource [jdbc.properties]
[INFO] [2018-12-06 10:22:03][org.springframework.beans.factory.annotation.AutowiredAnnotationBeanPostProcessor]JSR-330 'javax.inject.Inject' annotation found and supported for autowiring
[INFO] [2018-12-06 10:22:06][org.springframework.context.support.GenericApplicationContext]Closing org.springframework.context.support.GenericApplicationContext@7d9d1a19: startup date [Thu Dec 06 10:22:03 CST 2018]; root of context hierarchy
[INFO] [2018-12-06 14:45:06][org.springframework.beans.factory.xml.XmlBeanDefinitionReader]Loading XML bean definitions from class path resource [spring-mybatis.xml]
[INFO] [2018-12-06 14:45:07][org.springframework.context.support.GenericApplicationContext]Refreshing org.springframework.context.support.GenericApplicationContext@7d9d1a19: startup date [Thu Dec 06 14:45:07 CST 2018]; root of context hierarchy
[INFO] [2018-12-06 14:45:08][org.springframework.beans.factory.config.PropertyPlaceholderConfigurer]Loading properties file from class path resource [jdbc.properties]
[INFO] [2018-12-06 14:45:08][org.springframework.beans.factory.annotation.AutowiredAnnotationBeanPostProcessor]JSR-330 'javax.inject.Inject' annotation found and supported for autowiring
[INFO] [2018-12-06 14:45:09][org.springframework.context.support.GenericApplicationContext]Closing org.springframework.context.support.GenericApplicationContext@7d9d1a19: startup date [Thu Dec 06 14:45:07 CST 2018]; root of context hierarchy
[INFO] [2018-12-06 14:45:53][org.springframework.beans.factory.xml.XmlBeanDefinitionReader]Loading XML bean definitions from class path resource [spring-mybatis.xml]
[INFO] [2018-12-06 14:45:53][org.springframework.context.support.GenericApplicationContext]Refreshing org.springframework.context.support.GenericApplicationContext@7d9d1a19: startup date [Thu Dec 06 14:45:53 CST 2018]; root of context hierarchy
[INFO] [2018-12-06 14:45:53][org.springframework.beans.factory.config.PropertyPlaceholderConfigurer]Loading properties file from class path resource [jdbc.properties]
[INFO] [2018-12-06 14:45:53][org.springframework.beans.factory.annotation.AutowiredAnnotationBeanPostProcessor]JSR-330 'javax.inject.Inject' annotation found and supported for autowiring
[INFO] [2018-12-06 14:45:55][org.springframework.context.support.GenericApplicationContext]Closing org.springframework.context.support.GenericApplicationContext@7d9d1a19: startup date [Thu Dec 06 14:45:53 CST 2018]; root of context hierarchy
[INFO] [2018-12-21 17:23:14][org.springframework.beans.factory.xml.XmlBeanDefinitionReader]Loading XML bean definitions from class path resource [spring-mybatis.xml]
[INFO] [2018-12-21 17:23:15][org.springframework.context.support.GenericApplicationContext]Refreshing org.springframework.context.support.GenericApplicationContext@51e5fc98: startup date [Fri Dec 21 17:23:15 CST 2018]; root of context hierarchy
[INFO] [2018-12-21 17:23:15][org.springframework.beans.factory.config.PropertyPlaceholderConfigurer]Loading properties file from class path resource [jdbc.properties]
[INFO] [2018-12-21 17:23:15][org.springframework.beans.factory.annotation.AutowiredAnnotationBeanPostProcessor]JSR-330 'javax.inject.Inject' annotation found and supported for autowiring
[INFO] [2018-12-21 17:23:24][org.springframework.context.support.GenericApplicationContext]Closing org.springframework.context.support.GenericApplicationContext@51e5fc98: startup date [Fri Dec 21 17:23:15 CST 2018]; root of context hierarchy
[INFO] [2018-12-21 17:28:27][org.springframework.beans.factory.xml.XmlBeanDefinitionReader]Loading XML bean definitions from class path resource [spring-mybatis.xml]
[INFO] [2018-12-21 17:28:28][org.springframework.context.support.GenericApplicationContext]Refreshing org.springframework.context.support.GenericApplicationContext@51e5fc98: startup date [Fri Dec 21 17:28:28 CST 2018]; root of context hierarchy
[INFO] [2018-12-21 17:28:29][org.springframework.beans.factory.config.PropertyPlaceholderConfigurer]Loading properties file from class path resource [jdbc.properties]
[INFO] [2018-12-21 17:28:29][org.springframework.beans.factory.annotation.AutowiredAnnotationBeanPostProcessor]JSR-330 'javax.inject.Inject' annotation found and supported for autowiring
[INFO] [2018-12-21 17:30:37][org.springframework.context.support.GenericApplicationContext]Closing org.springframework.context.support.GenericApplicationContext@51e5fc98: startup date [Fri Dec 21 17:28:28 CST 2018]; root of context hierarchy
[INFO] [2018-12-21 17:31:02][org.springframework.beans.factory.xml.XmlBeanDefinitionReader]Loading XML bean definitions from class path resource [spring-mybatis.xml]
[INFO] [2018-12-21 17:31:03][org.springframework.context.support.GenericApplicationContext]Refreshing org.springframework.context.support.GenericApplicationContext@51e5fc98: startup date [Fri Dec 21 17:31:03 CST 2018]; root of context hierarchy
[INFO] [2018-12-21 17:31:04][org.springframework.beans.factory.config.PropertyPlaceholderConfigurer]Loading properties file from class path resource [jdbc.properties]
[INFO] [2018-12-21 17:31:04][org.springframework.beans.factory.annotation.AutowiredAnnotationBeanPostProcessor]JSR-330 'javax.inject.Inject' annotation found and supported for autowiring
[INFO] [2018-12-21 17:32:19][org.springframework.context.support.GenericApplicationContext]Closing org.springframework.context.support.GenericApplicationContext@51e5fc98: startup date [Fri Dec 21 17:31:03 CST 2018]; root of context hierarchy
[INFO] [2018-12-21 17:32:39][org.springframework.beans.factory.xml.XmlBeanDefinitionReader]Loading XML bean definitions from class path resource [spring-mybatis.xml]
[INFO] [2018-12-21 17:32:40][org.springframework.context.support.GenericApplicationContext]Refreshing org.springframework.context.support.GenericApplicationContext@51e5fc98: startup date [Fri Dec 21 17:32:40 CST 2018]; root of context hierarchy
[INFO] [2018-12-21 17:32:40][org.springframework.beans.factory.config.PropertyPlaceholderConfigurer]Loading properties file from class path resource [jdbc.properties]
[INFO] [2018-12-21 17:32:40][org.springframework.beans.factory.annotation.AutowiredAnnotationBeanPostProcessor]JSR-330 'javax.inject.Inject' annotation found and supported for autowiring
[INFO] [2018-12-21 17:33:08][org.springframework.context.support.GenericApplicationContext]Closing org.springframework.context.support.GenericApplicationContext@51e5fc98: startup date [Fri Dec 21 17:32:40 CST 2018]; root of context hierarchy
[INFO] [2018-12-21 17:33:26][org.springframework.beans.factory.xml.XmlBeanDefinitionReader]Loading XML bean definitions from class path resource [spring-mybatis.xml]
[INFO] [2018-12-21 17:33:27][org.springframework.context.support.GenericApplicationContext]Refreshing org.springframework.context.support.GenericApplicationContext@51e5fc98: startup date [Fri Dec 21 17:33:27 CST 2018]; root of context hierarchy
[INFO] [2018-12-21 17:33:27][org.springframework.beans.factory.config.PropertyPlaceholderConfigurer]Loading properties file from class path resource [jdbc.properties]
[INFO] [2018-12-21 17:33:27][org.springframework.beans.factory.annotation.AutowiredAnnotationBeanPostProcessor]JSR-330 'javax.inject.Inject' annotation found and supported for autowiring
[INFO] [2018-12-21 17:34:00][org.springframework.context.support.GenericApplicationContext]Closing org.springframework.context.support.GenericApplicationContext@51e5fc98: startup date [Fri Dec 21 17:33:27 CST 2018]; root of context hierarchy
[INFO] [2018-12-24 11:04:58][org.springframework.beans.factory.xml.XmlBeanDefinitionReader]Loading XML bean definitions from class path resource [spring-mybatis.xml]
[INFO] [2018-12-24 11:04:58][org.springframework.context.support.GenericApplicationContext]Refreshing org.springframework.context.support.GenericApplicationContext@51e5fc98: startup date [Mon Dec 24 11:04:58 CST 2018]; root of context hierarchy
[INFO] [2018-12-24 11:04:59][org.springframework.beans.factory.config.PropertyPlaceholderConfigurer]Loading properties file from class path resource [jdbc.properties]
[INFO] [2018-12-24 11:04:59][org.springframework.beans.factory.annotation.AutowiredAnnotationBeanPostProcessor]JSR-330 'javax.inject.Inject' annotation found and supported for autowiring
[INFO] [2018-12-24 11:05:01][org.springframework.context.support.GenericApplicationContext]Closing org.springframework.context.support.GenericApplicationContext@51e5fc98: startup date [Mon Dec 24 11:04:58 CST 2018]; root of context hierarchy
[INFO] [2018-12-24 11:06:15][org.springframework.beans.factory.xml.XmlBeanDefinitionReader]Loading XML bean definitions from class path resource [spring-mybatis.xml]
[INFO] [2018-12-24 11:06:16][org.springframework.context.support.GenericApplicationContext]Refreshing org.springframework.context.support.GenericApplicationContext@51e5fc98: startup date [Mon Dec 24 11:06:16 CST 2018]; root of context hierarchy
[INFO] [2018-12-24 11:06:17][org.springframework.beans.factory.config.PropertyPlaceholderConfigurer]Loading properties file from class path resource [jdbc.properties]
[INFO] [2018-12-24 11:06:17][org.springframework.beans.factory.annotation.AutowiredAnnotationBeanPostProcessor]JSR-330 'javax.inject.Inject' annotation found and supported for autowiring
[INFO] [2018-12-24 11:06:19][org.springframework.context.support.GenericApplicationContext]Closing org.springframework.context.support.GenericApplicationContext@51e5fc98: startup date [Mon Dec 24 11:06:16 CST 2018]; root of context hierarchy
[INFO] [2018-12-26 09:13:30][org.springframework.beans.factory.xml.XmlBeanDefinitionReader]Loading XML bean definitions from class path resource [spring-mybatis.xml]
[INFO] [2018-12-26 09:13:31][org.springframework.context.support.GenericApplicationContext]Refreshing org.springframework.context.support.GenericApplicationContext@7d9d1a19: startup date [Wed Dec 26 09:13:31 CST 2018]; root of context hierarchy
[INFO] [2018-12-26 09:13:31][org.springframework.beans.factory.config.PropertyPlaceholderConfigurer]Loading properties file from class path resource [jdbc.properties]
[INFO] [2018-12-26 09:13:31][org.springframework.beans.factory.annotation.AutowiredAnnotationBeanPostProcessor]JSR-330 'javax.inject.Inject' annotation found and supported for autowiring
[INFO] [2018-12-26 09:13:32][org.springframework.context.support.GenericApplicationContext]Closing org.springframework.context.support.GenericApplicationContext@7d9d1a19: startup date [Wed Dec 26 09:13:31 CST 2018]; root of context hierarchy
[INFO] [2019-01-11 17:07:46][org.springframework.beans.factory.xml.XmlBeanDefinitionReader]Loading XML bean definitions from class path resource [spring-mybatis.xml]
[INFO] [2019-01-11 17:07:47][org.springframework.context.support.GenericApplicationContext]Refreshing org.springframework.context.support.GenericApplicationContext@71b1176b: startup date [Fri Jan 11 17:07:47 CST 2019]; root of context hierarchy
[INFO] [2019-01-11 17:07:48][org.springframework.beans.factory.config.PropertyPlaceholderConfigurer]Loading properties file from class path resource [jdbc.properties]
[INFO] [2019-01-11 17:07:48][org.springframework.beans.factory.annotation.AutowiredAnnotationBeanPostProcessor]JSR-330 'javax.inject.Inject' annotation found and supported for autowiring
[INFO] [2019-01-11 17:07:50][org.springframework.context.support.GenericApplicationContext]Closing org.springframework.context.support.GenericApplicationContext@71b1176b: startup date [Fri Jan 11 17:07:47 CST 2019]; root of context hierarchy
[INFO] [2019-01-11 17:08:43][org.springframework.beans.factory.xml.XmlBeanDefinitionReader]Loading XML bean definitions from class path resource [spring-mybatis.xml]
[INFO] [2019-01-11 17:08:44][org.springframework.context.support.GenericApplicationContext]Refreshing org.springframework.context.support.GenericApplicationContext@71b1176b: startup date [Fri Jan 11 17:08:44 CST 2019]; root of context hierarchy
[INFO] [2019-01-11 17:08:44][org.springframework.beans.factory.config.PropertyPlaceholderConfigurer]Loading properties file from class path resource [jdbc.properties]
[INFO] [2019-01-11 17:08:44][org.springframework.beans.factory.annotation.AutowiredAnnotationBeanPostProcessor]JSR-330 'javax.inject.Inject' annotation found and supported for autowiring
[INFO] [2019-01-11 17:08:46][com.springmvc.utils.DownDataSourceToExcel]导出文件的下载路径：[E:/estExcel/Excel.xlsx]
[INFO] [2019-01-11 17:08:46][org.springframework.context.support.GenericApplicationContext]Closing org.springframework.context.support.GenericApplicationContext@71b1176b: startup date [Fri Jan 11 17:08:44 CST 2019]; root of context hierarchy
[INFO] [2019-02-28 10:01:22][org.springframework.beans.factory.xml.XmlBeanDefinitionReader]Loading XML bean definitions from class path resource [spring-mybatis.xml]
[INFO] [2019-02-28 10:01:24][org.springframework.context.support.GenericApplicationContext]Refreshing org.springframework.context.support.GenericApplicationContext@53b32d7: startup date [Thu Feb 28 10:01:24 CST 2019]; root of context hierarchy
[INFO] [2019-02-28 10:01:24][org.springframework.beans.factory.config.PropertyPlaceholderConfigurer]Loading properties file from class path resource [jdbc.properties]
[INFO] [2019-02-28 10:01:24][org.springframework.beans.factory.annotation.AutowiredAnnotationBeanPostProcessor]JSR-330 'javax.inject.Inject' annotation found and supported for autowiring
[INFO] [2019-02-28 10:01:26][org.springframework.context.support.GenericApplicationContext]Closing org.springframework.context.support.GenericApplicationContext@53b32d7: startup date [Thu Feb 28 10:01:24 CST 2019]; root of context hierarchy
[INFO] [2019-02-28 10:02:01][org.springframework.beans.factory.xml.XmlBeanDefinitionReader]Loading XML bean definitions from class path resource [spring-mybatis.xml]
[INFO] [2019-02-28 10:02:02][org.springframework.context.support.GenericApplicationContext]Refreshing org.springframework.context.support.GenericApplicationContext@53b32d7: startup date [Thu Feb 28 10:02:02 CST 2019]; root of context hierarchy
[INFO] [2019-02-28 10:02:02][org.springframework.beans.factory.config.PropertyPlaceholderConfigurer]Loading properties file from class path resource [jdbc.properties]
[INFO] [2019-02-28 10:02:02][org.springframework.beans.factory.annotation.AutowiredAnnotationBeanPostProcessor]JSR-330 'javax.inject.Inject' annotation found and supported for autowiring
[INFO] [2019-02-28 10:02:06][org.springframework.context.support.GenericApplicationContext]Closing org.springframework.context.support.GenericApplicationContext@53b32d7: startup date [Thu Feb 28 10:02:02 CST 2019]; root of context hierarchy
[INFO] [2019-02-28 10:03:57][org.springframework.beans.factory.xml.XmlBeanDefinitionReader]Loading XML bean definitions from class path resource [spring-mybatis.xml]
[INFO] [2019-02-28 10:03:58][org.springframework.context.support.GenericApplicationContext]Refreshing org.springframework.context.support.GenericApplicationContext@53b32d7: startup date [Thu Feb 28 10:03:58 CST 2019]; root of context hierarchy
[INFO] [2019-02-28 10:03:59][org.springframework.beans.factory.config.PropertyPlaceholderConfigurer]Loading properties file from class path resource [jdbc.properties]
[INFO] [2019-02-28 10:03:59][org.springframework.beans.factory.annotation.AutowiredAnnotationBeanPostProcessor]JSR-330 'javax.inject.Inject' annotation found and supported for autowiring
[INFO] [2019-02-28 10:04:01][org.springframework.context.support.GenericApplicationContext]Closing org.springframework.context.support.GenericApplicationContext@53b32d7: startup date [Thu Feb 28 10:03:58 CST 2019]; root of context hierarchy
[INFO] [2019-02-28 10:05:20][org.springframework.beans.factory.xml.XmlBeanDefinitionReader]Loading XML bean definitions from class path resource [spring-mybatis.xml]
[INFO] [2019-02-28 10:05:21][org.springframework.context.support.GenericApplicationContext]Refreshing org.springframework.context.support.GenericApplicationContext@53b32d7: startup date [Thu Feb 28 10:05:21 CST 2019]; root of context hierarchy
[INFO] [2019-02-28 10:05:21][org.springframework.beans.factory.config.PropertyPlaceholderConfigurer]Loading properties file from class path resource [jdbc.properties]
[INFO] [2019-02-28 10:05:21][org.springframework.beans.factory.annotation.AutowiredAnnotationBeanPostProcessor]JSR-330 'javax.inject.Inject' annotation found and supported for autowiring
[INFO] [2019-02-28 10:05:23][org.springframework.context.support.GenericApplicationContext]Closing org.springframework.context.support.GenericApplicationContext@53b32d7: startup date [Thu Feb 28 10:05:21 CST 2019]; root of context hierarchy
[INFO] [2019-02-28 10:06:04][org.springframework.beans.factory.xml.XmlBeanDefinitionReader]Loading XML bean definitions from class path resource [spring-mybatis.xml]
[INFO] [2019-02-28 10:06:05][org.springframework.context.support.GenericApplicationContext]Refreshing org.springframework.context.support.GenericApplicationContext@53b32d7: startup date [Thu Feb 28 10:06:05 CST 2019]; root of context hierarchy
[INFO] [2019-02-28 10:06:05][org.springframework.beans.factory.config.PropertyPlaceholderConfigurer]Loading properties file from class path resource [jdbc.properties]
[INFO] [2019-02-28 10:06:05][org.springframework.beans.factory.annotation.AutowiredAnnotationBeanPostProcessor]JSR-330 'javax.inject.Inject' annotation found and supported for autowiring
[INFO] [2019-02-28 10:06:06][org.springframework.context.support.GenericApplicationContext]Closing org.springframework.context.support.GenericApplicationContext@53b32d7: startup date [Thu Feb 28 10:06:05 CST 2019]; root of context hierarchy
[INFO] [2019-02-28 10:06:50][org.springframework.beans.factory.xml.XmlBeanDefinitionReader]Loading XML bean definitions from class path resource [spring-mybatis.xml]
[INFO] [2019-02-28 10:06:51][org.springframework.context.support.GenericApplicationContext]Refreshing org.springframework.context.support.GenericApplicationContext@53b32d7: startup date [Thu Feb 28 10:06:51 CST 2019]; root of context hierarchy
[INFO] [2019-02-28 10:06:51][org.springframework.beans.factory.config.PropertyPlaceholderConfigurer]Loading properties file from class path resource [jdbc.properties]
[INFO] [2019-02-28 10:06:51][org.springframework.beans.factory.annotation.AutowiredAnnotationBeanPostProcessor]JSR-330 'javax.inject.Inject' annotation found and supported for autowiring
[INFO] [2019-02-28 10:06:53][org.springframework.context.support.GenericApplicationContext]Closing org.springframework.context.support.GenericApplicationContext@53b32d7: startup date [Thu Feb 28 10:06:51 CST 2019]; root of context hierarchy
[INFO] [2019-03-05 10:17:07][org.springframework.beans.factory.xml.XmlBeanDefinitionReader]Loading XML bean definitions from class path resource [spring-mybatis.xml]
[INFO] [2019-03-05 10:17:08][org.springframework.context.support.GenericApplicationContext]Refreshing org.springframework.context.support.GenericApplicationContext@7d9d1a19: startup date [Tue Mar 05 10:17:08 CST 2019]; root of context hierarchy
[INFO] [2019-03-05 10:17:08][org.springframework.beans.factory.config.PropertyPlaceholderConfigurer]Loading properties file from class path resource [jdbc.properties]
[INFO] [2019-03-05 10:17:08][org.springframework.beans.factory.annotation.AutowiredAnnotationBeanPostProcessor]JSR-330 'javax.inject.Inject' annotation found and supported for autowiring
[INFO] [2019-03-05 10:17:10][org.springframework.context.support.GenericApplicationContext]Closing org.springframework.context.support.GenericApplicationContext@7d9d1a19: startup date [Tue Mar 05 10:17:08 CST 2019]; root of context hierarchy
[INFO] [2019-03-05 10:21:55][org.springframework.beans.factory.xml.XmlBeanDefinitionReader]Loading XML bean definitions from class path resource [spring-mybatis.xml]
[INFO] [2019-03-05 10:21:56][org.springframework.context.support.GenericApplicationContext]Refreshing org.springframework.context.support.GenericApplicationContext@7d9d1a19: startup date [Tue Mar 05 10:21:56 CST 2019]; root of context hierarchy
[INFO] [2019-03-05 10:21:56][org.springframework.beans.factory.config.PropertyPlaceholderConfigurer]Loading properties file from class path resource [jdbc.properties]
[INFO] [2019-03-05 10:21:56][org.springframework.beans.factory.annotation.AutowiredAnnotationBeanPostProcessor]JSR-330 'javax.inject.Inject' annotation found and supported for autowiring
[INFO] [2019-03-05 10:21:58][org.springframework.context.support.GenericApplicationContext]Closing org.springframework.context.support.GenericApplicationContext@7d9d1a19: startup date [Tue Mar 05 10:21:56 CST 2019]; root of context hierarchy
[INFO] [2019-03-06 11:45:52][org.springframework.beans.factory.xml.XmlBeanDefinitionReader]Loading XML bean definitions from class path resource [spring-mybatis.xml]
[INFO] [2019-03-06 11:45:53][org.springframework.context.support.GenericApplicationContext]Refreshing org.springframework.context.support.GenericApplicationContext@7d9d1a19: startup date [Wed Mar 06 11:45:53 CST 2019]; root of context hierarchy
[INFO] [2019-03-06 11:45:54][org.springframework.beans.factory.config.PropertyPlaceholderConfigurer]Loading properties file from class path resource [jdbc.properties]
[INFO] [2019-03-06 11:45:54][org.springframework.beans.factory.annotation.AutowiredAnnotationBeanPostProcessor]JSR-330 'javax.inject.Inject' annotation found and supported for autowiring
[INFO] [2019-03-06 11:45:55][com.springmvc.utils.DownDataSourceToExcel]导出文件的下载路径：[E:/testExcel/Excel.xlsx]
[INFO] [2019-03-06 11:45:55][org.springframework.context.support.GenericApplicationContext]Closing org.springframework.context.support.GenericApplicationContext@7d9d1a19: startup date [Wed Mar 06 11:45:53 CST 2019]; root of context hierarchy
[INFO] [2019-03-06 11:47:41][org.springframework.beans.factory.xml.XmlBeanDefinitionReader]Loading XML bean definitions from class path resource [spring-mybatis.xml]
[INFO] [2019-03-06 11:47:41][org.springframework.context.support.GenericApplicationContext]Refreshing org.springframework.context.support.GenericApplicationContext@7d9d1a19: startup date [Wed Mar 06 11:47:41 CST 2019]; root of context hierarchy
[INFO] [2019-03-06 11:47:42][org.springframework.beans.factory.config.PropertyPlaceholderConfigurer]Loading properties file from class path resource [jdbc.properties]
[INFO] [2019-03-06 11:47:42][org.springframework.beans.factory.annotation.AutowiredAnnotationBeanPostProcessor]JSR-330 'javax.inject.Inject' annotation found and supported for autowiring
[INFO] [2019-03-06 11:47:43][com.springmvc.utils.DownDataSourceToExcel]导出文件的下载路径：[E:/testExcel/Excel1.xlsx]
[INFO] [2019-03-06 11:47:43][org.springframework.context.support.GenericApplicationContext]Closing org.springframework.context.support.GenericApplicationContext@7d9d1a19: startup date [Wed Mar 06 11:47:41 CST 2019]; root of context hierarchy
[INFO] [2019-03-06 11:48:59][org.springframework.beans.factory.xml.XmlBeanDefinitionReader]Loading XML bean definitions from class path resource [spring-mybatis.xml]
[INFO] [2019-03-06 11:48:59][org.springframework.context.support.GenericApplicationContext]Refreshing org.springframework.context.support.GenericApplicationContext@7d9d1a19: startup date [Wed Mar 06 11:48:59 CST 2019]; root of context hierarchy
[INFO] [2019-03-06 11:49:00][org.springframework.beans.factory.config.PropertyPlaceholderConfigurer]Loading properties file from class path resource [jdbc.properties]
[INFO] [2019-03-06 11:49:00][org.springframework.beans.factory.annotation.AutowiredAnnotationBeanPostProcessor]JSR-330 'javax.inject.Inject' annotation found and supported for autowiring
[INFO] [2019-03-06 11:49:01][com.springmvc.utils.DownDataSourceToExcel]导出文件的下载路径：[E:/testExcel/Excel1.xlsx]
[INFO] [2019-03-06 11:49:01][org.springframework.context.support.GenericApplicationContext]Closing org.springframework.context.support.GenericApplicationContext@7d9d1a19: startup date [Wed Mar 06 11:48:59 CST 2019]; root of context hierarchy
[INFO] [2019-03-06 11:51:23][org.springframework.beans.factory.xml.XmlBeanDefinitionReader]Loading XML bean definitions from class path resource [spring-mybatis.xml]
[INFO] [2019-03-06 11:51:24][org.springframework.context.support.GenericApplicationContext]Refreshing org.springframework.context.support.GenericApplicationContext@7d9d1a19: startup date [Wed Mar 06 11:51:24 CST 2019]; root of context hierarchy
[INFO] [2019-03-06 11:51:24][org.springframework.beans.factory.config.PropertyPlaceholderConfigurer]Loading properties file from class path resource [jdbc.properties]
[INFO] [2019-03-06 11:51:24][org.springframework.beans.factory.annotation.AutowiredAnnotationBeanPostProcessor]JSR-330 'javax.inject.Inject' annotation found and supported for autowiring
[INFO] [2019-03-06 11:51:25][com.springmvc.utils.DownDataSourceToExcel]导出文件的下载路径：[E:/testExcel/Excel1.xlsx]
[INFO] [2019-03-06 11:51:26][org.springframework.context.support.GenericApplicationContext]Closing org.springframework.context.support.GenericApplicationContext@7d9d1a19: startup date [Wed Mar 06 11:51:24 CST 2019]; root of context hierarchy
[INFO] [2019-03-06 11:58:01][org.springframework.beans.factory.xml.XmlBeanDefinitionReader]Loading XML bean definitions from class path resource [spring-mybatis.xml]
[INFO] [2019-03-06 11:58:01][org.springframework.context.support.GenericApplicationContext]Refreshing org.springframework.context.support.GenericApplicationContext@7d9d1a19: startup date [Wed Mar 06 11:58:01 CST 2019]; root of context hierarchy
[INFO] [2019-03-06 11:58:02][org.springframework.beans.factory.config.PropertyPlaceholderConfigurer]Loading properties file from class path resource [jdbc.properties]
[INFO] [2019-03-06 11:58:02][org.springframework.beans.factory.annotation.AutowiredAnnotationBeanPostProcessor]JSR-330 'javax.inject.Inject' annotation found and supported for autowiring
[INFO] [2019-03-06 11:58:03][com.springmvc.utils.DownDataSourceToExcel]导出文件的下载路径：[E:/testExcel/Excel1.xlsx]
[INFO] [2019-03-06 11:58:04][org.springframework.context.support.GenericApplicationContext]Closing org.springframework.context.support.GenericApplicationContext@7d9d1a19: startup date [Wed Mar 06 11:58:01 CST 2019]; root of context hierarchy
[INFO] [2019-03-06 12:00:11][org.springframework.beans.factory.xml.XmlBeanDefinitionReader]Loading XML bean definitions from class path resource [spring-mybatis.xml]
[INFO] [2019-03-06 12:00:11][org.springframework.context.support.GenericApplicationContext]Refreshing org.springframework.context.support.GenericApplicationContext@7d9d1a19: startup date [Wed Mar 06 12:00:11 CST 2019]; root of context hierarchy
[INFO] [2019-03-06 12:00:11][org.springframework.beans.factory.config.PropertyPlaceholderConfigurer]Loading properties file from class path resource [jdbc.properties]
[INFO] [2019-03-06 12:00:11][org.springframework.beans.factory.annotation.AutowiredAnnotationBeanPostProcessor]JSR-330 'javax.inject.Inject' annotation found and supported for autowiring
[INFO] [2019-03-06 12:00:12][com.springmvc.utils.DownDataSourceToExcel]导出文件的下载路径：[E:/testExcel/Excel1.xlsx]
[INFO] [2019-03-06 12:00:13][org.springframework.context.support.GenericApplicationContext]Closing org.springframework.context.support.GenericApplicationContext@7d9d1a19: startup date [Wed Mar 06 12:00:11 CST 2019]; root of context hierarchy
[INFO] [2019-03-25 20:03:04][org.springframework.beans.factory.xml.XmlBeanDefinitionReader]Loading XML bean definitions from class path resource [spring-mybatis.xml]
[INFO] [2019-03-25 20:03:05][org.springframework.context.support.GenericApplicationContext]Refreshing org.springframework.context.support.GenericApplicationContext@7d9d1a19: startup date [Mon Mar 25 20:03:05 CST 2019]; root of context hierarchy
[INFO] [2019-03-25 20:03:05][org.springframework.beans.factory.config.PropertyPlaceholderConfigurer]Loading properties file from class path resource [jdbc.properties]
[INFO] [2019-03-25 20:03:05][org.springframework.beans.factory.annotation.AutowiredAnnotationBeanPostProcessor]JSR-330 'javax.inject.Inject' annotation found and supported for autowiring
[INFO] [2019-03-25 20:03:07][org.springframework.context.support.GenericApplicationContext]Closing org.springframework.context.support.GenericApplicationContext@7d9d1a19: startup date [Mon Mar 25 20:03:05 CST 2019]; root of context hierarchy
[INFO] [2019-03-25 20:03:32][org.springframework.beans.factory.xml.XmlBeanDefinitionReader]Loading XML bean definitions from class path resource [spring-mybatis.xml]
[INFO] [2019-03-25 20:03:32][org.springframework.context.support.GenericApplicationContext]Refreshing org.springframework.context.support.GenericApplicationContext@71b1176b: startup date [Mon Mar 25 20:03:32 CST 2019]; root of context hierarchy
[INFO] [2019-03-25 20:03:33][org.springframework.beans.factory.config.PropertyPlaceholderConfigurer]Loading properties file from class path resource [jdbc.properties]
[INFO] [2019-03-25 20:03:33][org.springframework.beans.factory.annotation.AutowiredAnnotationBeanPostProcessor]JSR-330 'javax.inject.Inject' annotation found and supported for autowiring
[INFO] [2019-03-25 20:03:45][org.springframework.context.support.GenericApplicationContext]Closing org.springframework.context.support.GenericApplicationContext@71b1176b: startup date [Mon Mar 25 20:03:32 CST 2019]; root of context hierarchy
[INFO] [2019-03-25 20:06:25][org.springframework.beans.factory.xml.XmlBeanDefinitionReader]Loading XML bean definitions from class path resource [spring-mybatis.xml]
[INFO] [2019-03-25 20:06:26][org.springframework.context.support.GenericApplicationContext]Refreshing org.springframework.context.support.GenericApplicationContext@71b1176b: startup date [Mon Mar 25 20:06:26 CST 2019]; root of context hierarchy
[INFO] [2019-03-25 20:06:27][org.springframework.beans.factory.config.PropertyPlaceholderConfigurer]Loading properties file from class path resource [jdbc.properties]
[INFO] [2019-03-25 20:06:27][org.springframework.beans.factory.annotation.AutowiredAnnotationBeanPostProcessor]JSR-330 'javax.inject.Inject' annotation found and supported for autowiring
[INFO] [2019-03-25 20:06:29][org.springframework.context.support.GenericApplicationContext]Closing org.springframework.context.support.GenericApplicationContext@71b1176b: startup date [Mon Mar 25 20:06:26 CST 2019]; root of context hierarchy
[INFO] [2019-03-25 20:12:55][org.springframework.beans.factory.xml.XmlBeanDefinitionReader]Loading XML bean definitions from class path resource [spring-mybatis.xml]
[INFO] [2019-03-25 20:12:56][org.springframework.context.support.GenericApplicationContext]Refreshing org.springframework.context.support.GenericApplicationContext@71b1176b: startup date [Mon Mar 25 20:12:56 CST 2019]; root of context hierarchy
[INFO] [2019-03-25 20:12:57][org.springframework.beans.factory.config.PropertyPlaceholderConfigurer]Loading properties file from class path resource [jdbc.properties]
[INFO] [2019-03-25 20:12:57][org.springframework.beans.factory.annotation.AutowiredAnnotationBeanPostProcessor]JSR-330 'javax.inject.Inject' annotation found and supported for autowiring
[INFO] [2019-03-25 20:12:58][org.springframework.context.support.GenericApplicationContext]Closing org.springframework.context.support.GenericApplicationContext@71b1176b: startup date [Mon Mar 25 20:12:56 CST 2019]; root of context hierarchy
[INFO] [2019-03-25 20:14:33][org.springframework.beans.factory.xml.XmlBeanDefinitionReader]Loading XML bean definitions from class path resource [spring-mybatis.xml]
[INFO] [2019-03-25 20:14:34][org.springframework.context.support.GenericApplicationContext]Refreshing org.springframework.context.support.GenericApplicationContext@7d9d1a19: startup date [Mon Mar 25 20:14:34 CST 2019]; root of context hierarchy
[INFO] [2019-03-25 20:14:34][org.springframework.beans.factory.config.PropertyPlaceholderConfigurer]Loading properties file from class path resource [jdbc.properties]
[INFO] [2019-03-25 20:14:34][org.springframework.beans.factory.annotation.AutowiredAnnotationBeanPostProcessor]JSR-330 'javax.inject.Inject' annotation found and supported for autowiring
[INFO] [2019-03-25 20:14:35][org.springframework.context.support.GenericApplicationContext]Closing org.springframework.context.support.GenericApplicationContext@7d9d1a19: startup date [Mon Mar 25 20:14:34 CST 2019]; root of context hierarchy
[INFO] [2019-04-10 15:16:53][org.springframework.beans.factory.xml.XmlBeanDefinitionReader]Loading XML bean definitions from class path resource [spring-mybatis.xml]
[INFO] [2019-04-10 15:16:54][org.springframework.context.support.GenericApplicationContext]Refreshing org.springframework.context.support.GenericApplicationContext@1a968a59: startup date [Wed Apr 10 15:16:54 CST 2019]; root of context hierarchy
[INFO] [2019-04-10 15:16:55][org.springframework.beans.factory.config.PropertyPlaceholderConfigurer]Loading properties file from class path resource [jdbc.properties]
[INFO] [2019-04-10 15:16:55][org.springframework.beans.factory.annotation.AutowiredAnnotationBeanPostProcessor]JSR-330 'javax.inject.Inject' annotation found and supported for autowiring
[INFO] [2019-04-10 15:16:56][org.springframework.context.support.GenericApplicationContext]Closing org.springframework.context.support.GenericApplicationContext@1a968a59: startup date [Wed Apr 10 15:16:54 CST 2019]; root of context hierarchy
[INFO] [2019-04-11 09:24:00][org.springframework.beans.factory.xml.XmlBeanDefinitionReader]Loading XML bean definitions from class path resource [spring-mybatis.xml]
[INFO] [2019-04-11 09:24:01][org.springframework.context.support.GenericApplicationContext]Refreshing org.springframework.context.support.GenericApplicationContext@1a968a59: startup date [Thu Apr 11 09:24:01 CST 2019]; root of context hierarchy
[INFO] [2019-04-11 09:24:01][org.springframework.beans.factory.config.PropertyPlaceholderConfigurer]Loading properties file from class path resource [jdbc.properties]
[INFO] [2019-04-11 09:24:01][org.springframework.beans.factory.annotation.AutowiredAnnotationBeanPostProcessor]JSR-330 'javax.inject.Inject' annotation found and supported for autowiring
[INFO] [2019-04-11 09:24:03][org.springframework.context.support.GenericApplicationContext]Closing org.springframework.context.support.GenericApplicationContext@1a968a59: startup date [Thu Apr 11 09:24:01 CST 2019]; root of context hierarchy
